[19-Nov-2023 23:06:58 UTC] PHP Warning:  rename(C:\Windows\TEMP/elementor.3.17.3-ste49u.tmp,C:\Windows\TEMP/elementor.3.17.3.zip): Access is denied (code: 5) in C:\Users\dadac\Local Sites\evr\app\public\wp-admin\includes\file.php on line 1234
[19-Nov-2023 23:06:58 UTC] PHP Warning:  unlink(C:\Windows\TEMP/elementor.3.17.3.zip): Resource temporarily unavailable in C:\Users\dadac\Local Sites\evr\app\public\wp-admin\includes\file.php on line 1239
[19-Nov-2023 23:07:00 UTC] PHP Warning:  chmod(): No such file or directory in C:\Users\dadac\Local Sites\evr\app\public\wp-admin\includes\class-wp-filesystem-direct.php on line 173
[19-Nov-2023 23:07:00 UTC] PHP Warning:  dir(C:/Users/dadac/Local Sites/evr/app/public/wp-content/upgrade/elementor.3.17.3/elementor/includes/template-library/data/): The system cannot find the path specifi (code: 3) in C:\Users\dadac\Local Sites\evr\app\public\wp-admin\includes\class-wp-filesystem-direct.php on line 636
[19-Nov-2023 23:07:00 UTC] PHP Warning:  dir(C:/Users/dadac/Local Sites/evr/app/public/wp-content/upgrade/elementor.3.17.3/elementor/includes/template-library/data/): Failed to open directory: No such file or directory in C:\Users\dadac\Local Sites\evr\app\public\wp-admin\includes\class-wp-filesystem-direct.php on line 636
[19-Nov-2023 23:07:00 UTC] PHP Warning:  dir(C:/Users/dadac/Local Sites/evr/app/public/wp-content/upgrade/elementor.3.17.3/elementor/modules/dev-tools/): The system cannot find the path specifi (code: 3) in C:\Users\dadac\Local Sites\evr\app\public\wp-admin\includes\class-wp-filesystem-direct.php on line 636
[19-Nov-2023 23:07:00 UTC] PHP Warning:  dir(C:/Users/dadac/Local Sites/evr/app/public/wp-content/upgrade/elementor.3.17.3/elementor/modules/dev-tools/): Failed to open directory: No such file or directory in C:\Users\dadac\Local Sites\evr\app\public\wp-admin\includes\class-wp-filesystem-direct.php on line 636
[19-Nov-2023 23:07:00 UTC] PHP Warning:  dir(C:/Users/dadac/Local Sites/evr/app/public/wp-content/upgrade/elementor.3.17.3/elementor/modules/nested-elements/base/): The system cannot find the path specifi (code: 3) in C:\Users\dadac\Local Sites\evr\app\public\wp-admin\includes\class-wp-filesystem-direct.php on line 636
[19-Nov-2023 23:07:00 UTC] PHP Warning:  dir(C:/Users/dadac/Local Sites/evr/app/public/wp-content/upgrade/elementor.3.17.3/elementor/modules/nested-elements/base/): Failed to open directory: No such file or directory in C:\Users\dadac\Local Sites\evr\app\public\wp-admin\includes\class-wp-filesystem-direct.php on line 636
[19-Nov-2023 23:07:00 UTC] PHP Warning:  dir(C:/Users/dadac/Local Sites/evr/app/public/wp-content/upgrade/elementor.3.17.3/elementor/modules/shapes/widgets/): The system cannot find the path specifi (code: 3) in C:\Users\dadac\Local Sites\evr\app\public\wp-admin\includes\class-wp-filesystem-direct.php on line 636
[19-Nov-2023 23:07:00 UTC] PHP Warning:  dir(C:/Users/dadac/Local Sites/evr/app/public/wp-content/upgrade/elementor.3.17.3/elementor/modules/shapes/widgets/): Failed to open directory: Permission denied in C:\Users\dadac\Local Sites\evr\app\public\wp-admin\includes\class-wp-filesystem-direct.php on line 636
[19-Nov-2023 23:23:11 UTC] PHP Warning:  Attempt to read property "title" on null in C:\Users\dadac\Local Sites\evr\app\public\wp-includes\class-wp-customize-widgets.php on line 905
[20-Nov-2023 00:01:23 UTC] PHP Warning:  Undefined array key "editor_post_id" in C:\Users\dadac\Local Sites\evr\app\public\wp-content\plugins\elementor\modules\history\revisions-manager.php on line 363
[20-Nov-2023 22:00:24 UTC] PHP Warning:  Unknown: Failed to open stream: No such file or directory in Unknown on line 0
[20-Nov-2023 22:00:24 UTC] PHP Fatal error:  Failed opening required 'C:/Users/dadac/AppData/Local/Programs/Local/resources/extraResources/local-bootstrap.php' (include_path='.:/usr/share/php:/www/wp-content/pear') in Unknown on line 0
[20-Nov-2023 22:00:25 UTC] PHP Warning:  Unknown: Failed to open stream: No such file or directory in Unknown on line 0
[20-Nov-2023 22:00:25 UTC] PHP Fatal error:  Failed opening required 'C:/Users/dadac/AppData/Local/Programs/Local/resources/extraResources/local-bootstrap.php' (include_path='.:/usr/share/php:/www/wp-content/pear') in Unknown on line 0
[21-Nov-2023 13:59:26 UTC] PHP Fatal error:  Uncaught Error: Call to a member function update_meta() on null in C:\Users\dadac\Local Sites\evr\app\public\wp-content\plugins\elementor-pro\modules\theme-builder\classes\conditions-manager.php:312
Stack trace:
#0 C:\Users\dadac\Local Sites\evr\app\public\wp-content\plugins\elementor-pro\modules\theme-builder\classes\conditions-manager.php(185): ElementorPro\Modules\ThemeBuilder\Classes\Conditions_Manager->save_conditions(8, Array)
#1 [internal function]: ElementorPro\Modules\ThemeBuilder\Classes\Conditions_Manager->ajax_save_theme_template_conditions(Array, Object(Elementor\Core\Common\Modules\Ajax\Module))
#2 C:\Users\dadac\Local Sites\evr\app\public\wp-content\plugins\elementor\core\common\modules\ajax\module.php(176): call_user_func(Array, Array, Object(Elementor\Core\Common\Modules\Ajax\Module))
#3 C:\Users\dadac\Local Sites\evr\app\public\wp-includes\class-wp-hook.php(324): Elementor\Core\Common\Modules\Ajax\Module->handle_ajax_request('')
#4 C:\Users\dadac\Local Sites\evr\app\public\wp-includes\class-wp-hook.php(348): WP_Hook->apply_filters('', Array)
#5 C:\Users\dadac\Local Sites\evr\app\public\wp-includes\plugin.php(517): WP_Hook->do_action(Array)
#6 C:\Users\dadac\Local Sites\evr\app\public\wp-admin\admin-ajax.php(188): do_action('wp_ajax_element...')
#7 {main}
  thrown in C:\Users\dadac\Local Sites\evr\app\public\wp-content\plugins\elementor-pro\modules\theme-builder\classes\conditions-manager.php on line 312
[23-Nov-2023 23:55:19 UTC] PHP Warning:  Undefined array key "editor_post_id" in C:\Users\dadac\Local Sites\evr\app\public\wp-content\plugins\elementor\modules\history\revisions-manager.php on line 363
